This file contains any messages produced by compilers while
running configure, to aid debugging if configure makes a mistake.

It was created by configure, which was
generated by GNU Autoconf 2.53.  Invocation command line was

  $ ./configure 

## --------- ##
## Platform. ##
## --------- ##

hostname = tijs.bentinck.nl
uname -m = i686
uname -r = 2.4.7-10
uname -s = Linux
uname -v = #1 Thu Sep 6 16:46:36 EDT 2001

/usr/bin/uname -p = unknown
/bin/uname -X     = unknown

/bin/arch              = i686
/usr/bin/arch -k       = unknown
/usr/convex/getsysinfo = unknown
hostinfo               = unknown
/bin/machine           = unknown
/usr/bin/oslevel       = unknown
/bin/universe          = unknown

PATH: /usr/kerberos/bin
PATH: /bin
PATH: /usr/bin
PATH: /usr/bin/X11
PATH: /usr/local/bin
PATH: /usr/bin
PATH: /usr/X11R6/bin
PATH: /opt/tcm/bin
PATH: /usr/local/jdk1.2.2/bin
PATH: /opt/xt/bin
PATH: /usr/local/vtcl-1.6.0a1
PATH: /home/tvdstorm/bin
PATH: /usr/local/jdk1.2.2/bin
PATH: /opt/xt/bin
PATH: /usr/local/vtcl-1.6.0a1
PATH: /home/tvdstorm/bin
PATH: /usr/local/jdk1.2.2/bin
PATH: /opt/xt/bin
PATH: /usr/local/vtcl-1.6.0a1


## ----------- ##
## Core tests. ##
## ----------- ##

configure:1191: checking for a BSD-compatible install
configure:1245: result: /usr/bin/install -c
configure:1256: checking whether build environment is sane
configure:1299: result: yes
configure:1332: checking for gawk
configure:1348: found /bin/gawk
configure:1358: result: gawk
configure:1368: checking whether make sets ${MAKE}
configure:1388: result: yes
configure:1580: checking for gcc
configure:1596: found /usr/bin/gcc
configure:1606: result: gcc
configure:1850: checking for C compiler version
configure:1853: gcc --version </dev/null >&5
2.96
configure:1856: $? = 0
configure:1858: gcc -v </dev/null >&5
Reading specs from /usr/lib/gcc-lib/i386-redhat-linux/2.96/specs
gcc version 2.96 20000731 (Red Hat Linux 7.1 2.96-98)
configure:1861: $? = 0
configure:1863: gcc -V </dev/null >&5
gcc: argument to `-V' is missing
configure:1866: $? = 1
configure:1892: checking for C compiler default output
configure:1895: gcc    conftest.c  >&5
configure:1898: $? = 0
configure:1931: result: a.out
configure:1936: checking whether the C compiler works
configure:1942: ./a.out
configure:1945: $? = 0
configure:1960: result: yes
configure:1967: checking whether we are cross compiling
configure:1969: result: no
configure:1972: checking for suffix of executables
configure:1974: gcc -o conftest    conftest.c  >&5
configure:1977: $? = 0
configure:1999: result: 
configure:2005: checking for suffix of object files
configure:2029: gcc -c   conftest.c >&5
configure:2032: $? = 0
configure:2051: result: o
configure:2055: checking whether we are using the GNU C compiler
configure:2082: gcc -c   conftest.c >&5
configure:2085: $? = 0
configure:2088: test -s conftest.o
configure:2091: $? = 0
configure:2103: result: yes
configure:2109: checking whether gcc accepts -g
configure:2133: gcc -c -g  conftest.c >&5
configure:2136: $? = 0
configure:2139: test -s conftest.o
configure:2142: $? = 0
configure:2152: result: yes
configure:2179: gcc -c -g -O2  conftest.c >&5
conftest.c:2: parse error before `me'
configure:2182: $? = 1
configure: failed program was:
#ifndef __cplusplus
  choke me
#endif
configure:2311: checking for style of include used by make
configure:2339: result: GNU
configure:2367: checking dependency style of gcc
configure:2429: result: gcc3
configure:2442: checking how to run the C preprocessor
configure:2468: gcc -E  conftest.c
configure:2474: $? = 0
configure:2501: gcc -E  conftest.c
configure:2497:28: ac_nonexistent.h: No such file or directory
configure:2507: $? = 1
configure: failed program was:
#line 2496 "configure"
#include "confdefs.h"
#include <ac_nonexistent.h>
configure:2544: result: gcc -E
configure:2559: gcc -E  conftest.c
configure:2565: $? = 0
configure:2592: gcc -E  conftest.c
configure:2588:28: ac_nonexistent.h: No such file or directory
configure:2598: $? = 1
configure: failed program was:
#line 2587 "configure"
#include "confdefs.h"
#include <ac_nonexistent.h>
configure:2638: checking for ANSI C header files
configure:2652: gcc -E  conftest.c
configure:2658: $? = 0
configure:2743: gcc -o conftest -g -O2   conftest.c  >&5
configure:2746: $? = 0
configure:2748: ./conftest
configure:2751: $? = 0
configure:2765: result: yes
configure:2897: creating ./config.status

## ---------------------- ##
## Running config.status. ##
## ---------------------- ##

This file was extended by config.status, which was
generated by GNU Autoconf 2.53.  Invocation command line was

  CONFIG_FILES    = 
  CONFIG_HEADERS  = 
  CONFIG_LINKS    = 
  CONFIG_COMMANDS = 
  $ ./config.status 

on tijs.bentinck.nl

config.status:592: creating Makefile
config.status:592: creating src/Makefile
config.status:717: executing depfiles commands

## ---------------- ##
## Cache variables. ##
## ---------------- ##

ac_cv_c_compiler_gnu=yes
ac_cv_env_CC_set=
ac_cv_env_CC_value=
ac_cv_env_CFLAGS_set=
ac_cv_env_CFLAGS_value=
ac_cv_env_CPPFLAGS_set=
ac_cv_env_CPPFLAGS_value=
ac_cv_env_CPP_set=
ac_cv_env_CPP_value=
ac_cv_env_LDFLAGS_set=
ac_cv_env_LDFLAGS_value=
ac_cv_env_build_alias_set=
ac_cv_env_build_alias_value=
ac_cv_env_host_alias_set=
ac_cv_env_host_alias_value=
ac_cv_env_target_alias_set=
ac_cv_env_target_alias_value=
ac_cv_exeext=
ac_cv_header_stdc=yes
ac_cv_objext=o
ac_cv_path_install=$'/usr/bin/install -c'
ac_cv_prog_AWK=gawk
ac_cv_prog_CPP=$'gcc -E'
ac_cv_prog_ac_ct_CC=gcc
ac_cv_prog_cc_g=yes
ac_cv_prog_make_make_set=yes
am_cv_CC_dependencies_compiler_type=gcc3

## ----------- ##
## confdefs.h. ##
## ----------- ##

#define PACKAGE_NAME ""
#define PACKAGE_TARNAME ""
#define PACKAGE_VERSION ""
#define PACKAGE_STRING ""
#define PACKAGE_BUGREPORT ""
#define PACKAGE "acr"
#define VERSION "0.1"
#define STDC_HEADERS 1

configure: exit 0

## ---------------------- ##
## Running config.status. ##
## ---------------------- ##

This file was extended by config.status, which was
generated by GNU Autoconf 2.53.  Invocation command line was

  CONFIG_FILES    = 
  CONFIG_HEADERS  = 
  CONFIG_LINKS    = 
  CONFIG_COMMANDS = 
  $ ./config.status src/Makefile depfiles

on tijs.bentinck.nl

config.status:592: creating src/Makefile
config.status:717: executing depfiles commands

## ---------------------- ##
## Running config.status. ##
## ---------------------- ##

This file was extended by config.status, which was
generated by GNU Autoconf 2.53.  Invocation command line was

  CONFIG_FILES    = 
  CONFIG_HEADERS  = 
  CONFIG_LINKS    = 
  CONFIG_COMMANDS = 
  $ ./config.status src/Makefile depfiles

on tijs.bentinck.nl

config.status:592: creating src/Makefile
config.status:717: executing depfiles commands

## ---------------------- ##
## Running config.status. ##
## ---------------------- ##

This file was extended by config.status, which was
generated by GNU Autoconf 2.53.  Invocation command line was

  CONFIG_FILES    = 
  CONFIG_HEADERS  = 
  CONFIG_LINKS    = 
  CONFIG_COMMANDS = 
  $ ./config.status src/Makefile depfiles

on tijs.bentinck.nl

config.status:592: creating src/Makefile
config.status:717: executing depfiles commands

## ---------------------- ##
## Running config.status. ##
## ---------------------- ##

This file was extended by config.status, which was
generated by GNU Autoconf 2.53.  Invocation command line was

  CONFIG_FILES    = 
  CONFIG_HEADERS  = 
  CONFIG_LINKS    = 
  CONFIG_COMMANDS = 
  $ ./config.status src/Makefile depfiles

on tijs.bentinck.nl

config.status:592: creating src/Makefile
config.status:717: executing depfiles commands

## ---------------------- ##
## Running config.status. ##
## ---------------------- ##

This file was extended by config.status, which was
generated by GNU Autoconf 2.53.  Invocation command line was

  CONFIG_FILES    = 
  CONFIG_HEADERS  = 
  CONFIG_LINKS    = 
  CONFIG_COMMANDS = 
  $ ./config.status src/Makefile depfiles

on tijs.bentinck.nl

config.status:592: creating src/Makefile
config.status:717: executing depfiles commands

## ---------------------- ##
## Running config.status. ##
## ---------------------- ##

This file was extended by config.status, which was
generated by GNU Autoconf 2.53.  Invocation command line was

  CONFIG_FILES    = 
  CONFIG_HEADERS  = 
  CONFIG_LINKS    = 
  CONFIG_COMMANDS = 
  $ ./config.status src/Makefile depfiles

on tijs.bentinck.nl

config.status:592: creating src/Makefile
config.status:717: executing depfiles commands

## ---------------------- ##
## Running config.status. ##
## ---------------------- ##

This file was extended by config.status, which was
generated by GNU Autoconf 2.53.  Invocation command line was

  CONFIG_FILES    = 
  CONFIG_HEADERS  = 
  CONFIG_LINKS    = 
  CONFIG_COMMANDS = 
  $ ./config.status src/Makefile depfiles

on tijs.bentinck.nl

config.status:592: creating src/Makefile
config.status:717: executing depfiles commands

## ---------------------- ##
## Running config.status. ##
## ---------------------- ##

This file was extended by config.status, which was
generated by GNU Autoconf 2.53.  Invocation command line was

  CONFIG_FILES    = 
  CONFIG_HEADERS  = 
  CONFIG_LINKS    = 
  CONFIG_COMMANDS = 
  $ ./config.status src/Makefile depfiles

on tijs.bentinck.nl

config.status:592: creating src/Makefile
config.status:717: executing depfiles commands

## ---------------------- ##
## Running config.status. ##
## ---------------------- ##

This file was extended by config.status, which was
generated by GNU Autoconf 2.53.  Invocation command line was

  CONFIG_FILES    = 
  CONFIG_HEADERS  = 
  CONFIG_LINKS    = 
  CONFIG_COMMANDS = 
  $ ./config.status src/Makefile depfiles

on tijs.bentinck.nl

config.status:592: creating src/Makefile
config.status:717: executing depfiles commands

## ---------------------- ##
## Running config.status. ##
## ---------------------- ##

This file was extended by config.status, which was
generated by GNU Autoconf 2.53.  Invocation command line was

  CONFIG_FILES    = 
  CONFIG_HEADERS  = 
  CONFIG_LINKS    = 
  CONFIG_COMMANDS = 
  $ ./config.status src/Makefile depfiles

on tijs.bentinck.nl

config.status:592: creating src/Makefile
config.status:717: executing depfiles commands

## ---------------------- ##
## Running config.status. ##
## ---------------------- ##

This file was extended by config.status, which was
generated by GNU Autoconf 2.53.  Invocation command line was

  CONFIG_FILES    = 
  CONFIG_HEADERS  = 
  CONFIG_LINKS    = 
  CONFIG_COMMANDS = 
  $ ./config.status src/Makefile depfiles

on tijs.bentinck.nl

config.status:592: creating src/Makefile
config.status:717: executing depfiles commands

## ---------------------- ##
## Running config.status. ##
## ---------------------- ##

This file was extended by config.status, which was
generated by GNU Autoconf 2.53.  Invocation command line was

  CONFIG_FILES    = 
  CONFIG_HEADERS  = 
  CONFIG_LINKS    = 
  CONFIG_COMMANDS = 
  $ ./config.status src/Makefile depfiles

on tijs.bentinck.nl

config.status:592: creating src/Makefile
config.status:717: executing depfiles commands

## ---------------------- ##
## Running config.status. ##
## ---------------------- ##

This file was extended by config.status, which was
generated by GNU Autoconf 2.53.  Invocation command line was

  CONFIG_FILES    = 
  CONFIG_HEADERS  = 
  CONFIG_LINKS    = 
  CONFIG_COMMANDS = 
  $ ./config.status src/Makefile depfiles

on tijs.bentinck.nl

config.status:592: creating src/Makefile
config.status:717: executing depfiles commands

## ---------------------- ##
## Running config.status. ##
## ---------------------- ##

This file was extended by config.status, which was
generated by GNU Autoconf 2.53.  Invocation command line was

  CONFIG_FILES    = 
  CONFIG_HEADERS  = 
  CONFIG_LINKS    = 
  CONFIG_COMMANDS = 
  $ ./config.status src/Makefile depfiles

on tijs.bentinck.nl

config.status:592: creating src/Makefile
config.status:717: executing depfiles commands

## ---------------------- ##
## Running config.status. ##
## ---------------------- ##

This file was extended by config.status, which was
generated by GNU Autoconf 2.53.  Invocation command line was

  CONFIG_FILES    = 
  CONFIG_HEADERS  = 
  CONFIG_LINKS    = 
  CONFIG_COMMANDS = 
  $ ./config.status src/Makefile depfiles

on tijs.bentinck.nl

config.status:592: creating src/Makefile
config.status:717: executing depfiles commands

## ---------------------- ##
## Running config.status. ##
## ---------------------- ##

This file was extended by config.status, which was
generated by GNU Autoconf 2.53.  Invocation command line was

  CONFIG_FILES    = 
  CONFIG_HEADERS  = 
  CONFIG_LINKS    = 
  CONFIG_COMMANDS = 
  $ ./config.status src/Makefile depfiles

on tijs.bentinck.nl

config.status:592: creating src/Makefile
config.status:717: executing depfiles commands

## ---------------------- ##
## Running config.status. ##
## ---------------------- ##

This file was extended by config.status, which was
generated by GNU Autoconf 2.53.  Invocation command line was

  CONFIG_FILES    = 
  CONFIG_HEADERS  = 
  CONFIG_LINKS    = 
  CONFIG_COMMANDS = 
  $ ./config.status src/Makefile depfiles

on tijs.bentinck.nl

config.status:592: creating src/Makefile
config.status:717: executing depfiles commands

## ---------------------- ##
## Running config.status. ##
## ---------------------- ##

This file was extended by config.status, which was
generated by GNU Autoconf 2.53.  Invocation command line was

  CONFIG_FILES    = 
  CONFIG_HEADERS  = 
  CONFIG_LINKS    = 
  CONFIG_COMMANDS = 
  $ ./config.status src/Makefile depfiles

on tijs.bentinck.nl

config.status:592: creating src/Makefile
config.status:717: executing depfiles commands

## ---------------------- ##
## Running config.status. ##
## ---------------------- ##

This file was extended by config.status, which was
generated by GNU Autoconf 2.53.  Invocation command line was

  CONFIG_FILES    = 
  CONFIG_HEADERS  = 
  CONFIG_LINKS    = 
  CONFIG_COMMANDS = 
  $ ./config.status src/Makefile depfiles

on tijs.bentinck.nl

config.status:592: creating src/Makefile
config.status:717: executing depfiles commands
