\BOOKMARK [0][-]{chapter.1}{Action Java Compiler Runtime Package List}{}
\BOOKMARK [1][-]{section.1.1}{Action Java Compiler Runtime Package List}{chapter.1}
\BOOKMARK [0][-]{chapter.2}{Action Java Compiler Runtime Hierarchical Index}{}
\BOOKMARK [1][-]{section.2.1}{Action Java Compiler Runtime Class Hierarchy}{chapter.2}
\BOOKMARK [0][-]{chapter.3}{Action Java Compiler Runtime Compound Index}{}
\BOOKMARK [1][-]{section.3.1}{Action Java Compiler Runtime Compound List}{chapter.3}
\BOOKMARK [0][-]{chapter.4}{Action Java Compiler Runtime File Index}{}
\BOOKMARK [1][-]{section.4.1}{Action Java Compiler Runtime File List}{chapter.4}
\BOOKMARK [0][-]{chapter.5}{Action Java Compiler Runtime Package Documentation}{}
\BOOKMARK [1][-]{section.5.1}{Package ajc}{chapter.5}
\BOOKMARK [1][-]{section.5.2}{Package ajc.data}{chapter.5}
\BOOKMARK [1][-]{section.5.3}{Package ajc.data.pure}{chapter.5}
\BOOKMARK [0][-]{chapter.6}{Action Java Compiler Runtime Class Documentation}{}
\BOOKMARK [1][-]{section.6.1}{AbstractEnactable Class Reference}{chapter.6}
\BOOKMARK [1][-]{section.6.2}{AbstractInfixCombinator Class Reference}{chapter.6}
\BOOKMARK [1][-]{section.6.3}{AbstractPrefixCombinator Class Reference}{chapter.6}
\BOOKMARK [1][-]{section.6.4}{Action Interface Reference}{chapter.6}
\BOOKMARK [1][-]{section.6.5}{ActionImpl Class Reference}{chapter.6}
\BOOKMARK [1][-]{section.6.6}{Agent Interface Reference}{chapter.6}
\BOOKMARK [1][-]{section.6.7}{AgentImpl Class Reference}{chapter.6}
\BOOKMARK [1][-]{section.6.8}{And Class Reference}{chapter.6}
\BOOKMARK [1][-]{section.6.9}{AndExceptionally Class Reference}{chapter.6}
\BOOKMARK [1][-]{section.6.10}{AndThen Class Reference}{chapter.6}
\BOOKMARK [1][-]{section.6.11}{Bindable Interface Reference}{chapter.6}
\BOOKMARK [1][-]{section.6.12}{Bindings Interface Reference}{chapter.6}
\BOOKMARK [1][-]{section.6.13}{BindingsImpl Class Reference}{chapter.6}
\BOOKMARK [1][-]{section.6.14}{Bool Interface Reference}{chapter.6}
\BOOKMARK [1][-]{section.6.15}{BoolImpl Class Reference}{chapter.6}
\BOOKMARK [1][-]{section.6.16}{Cell Interface Reference}{chapter.6}
\BOOKMARK [1][-]{section.6.17}{CellImpl Class Reference}{chapter.6}
\BOOKMARK [1][-]{section.6.18}{Comparable Class Reference}{chapter.6}
\BOOKMARK [1][-]{section.6.19}{Data Interface Reference}{chapter.6}
\BOOKMARK [1][-]{section.6.20}{DataConst Interface Reference}{chapter.6}
\BOOKMARK [1][-]{section.6.21}{DataConstImpl Class Reference}{chapter.6}
\BOOKMARK [1][-]{section.6.22}{DataFactory Interface Reference}{chapter.6}
\BOOKMARK [1][-]{section.6.23}{DataImpl Class Reference}{chapter.6}
\BOOKMARK [1][-]{section.6.24}{DataValue Interface Reference}{chapter.6}
\BOOKMARK [1][-]{section.6.25}{DataValueImpl Class Reference}{chapter.6}
\BOOKMARK [1][-]{section.6.26}{Datum Interface Reference}{chapter.6}
\BOOKMARK [1][-]{section.6.27}{DatumImpl Class Reference}{chapter.6}
\BOOKMARK [1][-]{section.6.28}{Empty Interface Reference}{chapter.6}
\BOOKMARK [1][-]{section.6.29}{EmptyImpl Class Reference}{chapter.6}
\BOOKMARK [1][-]{section.6.30}{Enactable Interface Reference}{chapter.6}
\BOOKMARK [1][-]{section.6.31}{Exception Class Reference}{chapter.6}
\BOOKMARK [1][-]{section.6.32}{Exceptional Class Reference}{chapter.6}
\BOOKMARK [1][-]{section.6.33}{Exceptionally Class Reference}{chapter.6}
\BOOKMARK [1][-]{section.6.34}{Failed Class Reference}{chapter.6}
\BOOKMARK [1][-]{section.6.35}{Hashtable Class Reference}{chapter.6}
\BOOKMARK [1][-]{section.6.36}{Hence Class Reference}{chapter.6}
\BOOKMARK [1][-]{section.6.37}{Indivisibly Class Reference}{chapter.6}
\BOOKMARK [1][-]{section.6.38}{Int Interface Reference}{chapter.6}
\BOOKMARK [1][-]{section.6.39}{IntImpl Class Reference}{chapter.6}
\BOOKMARK [1][-]{section.6.40}{List Interface Reference}{chapter.6}
\BOOKMARK [1][-]{section.6.41}{ListImpl Class Reference}{chapter.6}
\BOOKMARK [1][-]{section.6.42}{Message Interface Reference}{chapter.6}
\BOOKMARK [1][-]{section.6.43}{MessageTag Interface Reference}{chapter.6}
\BOOKMARK [1][-]{section.6.44}{MessageTagImpl Class Reference}{chapter.6}
\BOOKMARK [1][-]{section.6.45}{Otherwise Class Reference}{chapter.6}
\BOOKMARK [1][-]{section.6.46}{Provide Class Reference}{chapter.6}
\BOOKMARK [1][-]{section.6.47}{PureFactory Class Reference}{chapter.6}
\BOOKMARK [1][-]{section.6.48}{Runnable Class Reference}{chapter.6}
\BOOKMARK [1][-]{section.6.49}{Schedule Class Reference}{chapter.6}
\BOOKMARK [1][-]{section.6.50}{Scheduling Interface Reference}{chapter.6}
\BOOKMARK [1][-]{section.6.51}{Storable Interface Reference}{chapter.6}
\BOOKMARK [1][-]{section.6.52}{Store Class Reference}{chapter.6}
\BOOKMARK [1][-]{section.6.53}{Storing Interface Reference}{chapter.6}
\BOOKMARK [1][-]{section.6.54}{TaggedBuffers Class Reference}{chapter.6}
\BOOKMARK [1][-]{section.6.55}{Text Interface Reference}{chapter.6}
\BOOKMARK [1][-]{section.6.56}{TextImpl Class Reference}{chapter.6}
\BOOKMARK [1][-]{section.6.57}{Then Class Reference}{chapter.6}
\BOOKMARK [1][-]{section.6.58}{Token Interface Reference}{chapter.6}
\BOOKMARK [1][-]{section.6.59}{TokenImpl Class Reference}{chapter.6}
\BOOKMARK [1][-]{section.6.60}{Unfold Class Reference}{chapter.6}
\BOOKMARK [0][-]{chapter.7}{Action Java Compiler Runtime File Documentation}{}
\BOOKMARK [1][-]{section.7.1}{AbstractAction.java File Reference}{chapter.7}
\BOOKMARK [1][-]{section.7.2}{AbstractEnactable.java File Reference}{chapter.7}
\BOOKMARK [1][-]{section.7.3}{AbstractInfixCombinator.java File Reference}{chapter.7}
\BOOKMARK [1][-]{section.7.4}{AbstractPrefixCombinator.java File Reference}{chapter.7}
\BOOKMARK [1][-]{section.7.5}{Action.java File Reference}{chapter.7}
\BOOKMARK [1][-]{section.7.6}{ActionImpl.java File Reference}{chapter.7}
\BOOKMARK [1][-]{section.7.7}{Agent.java File Reference}{chapter.7}
\BOOKMARK [1][-]{section.7.8}{AgentImpl.java File Reference}{chapter.7}
\BOOKMARK [1][-]{section.7.9}{Bindable.java File Reference}{chapter.7}
\BOOKMARK [1][-]{section.7.10}{Bindings.java File Reference}{chapter.7}
\BOOKMARK [1][-]{section.7.11}{BindingsImpl.java File Reference}{chapter.7}
\BOOKMARK [1][-]{section.7.12}{Bool.java File Reference}{chapter.7}
\BOOKMARK [1][-]{section.7.13}{BoolImpl.java File Reference}{chapter.7}
\BOOKMARK [1][-]{section.7.14}{Cell.java File Reference}{chapter.7}
\BOOKMARK [1][-]{section.7.15}{CellImpl.java File Reference}{chapter.7}
\BOOKMARK [1][-]{section.7.16}{Data.java File Reference}{chapter.7}
\BOOKMARK [1][-]{section.7.17}{DataConst.java File Reference}{chapter.7}
\BOOKMARK [1][-]{section.7.18}{DataConstImpl.java File Reference}{chapter.7}
\BOOKMARK [1][-]{section.7.19}{DataFactory.java File Reference}{chapter.7}
\BOOKMARK [1][-]{section.7.20}{DataImpl.java File Reference}{chapter.7}
\BOOKMARK [1][-]{section.7.21}{DataValue.java File Reference}{chapter.7}
\BOOKMARK [1][-]{section.7.22}{DataValueImpl.java File Reference}{chapter.7}
\BOOKMARK [1][-]{section.7.23}{Datum.java File Reference}{chapter.7}
\BOOKMARK [1][-]{section.7.24}{DatumImpl.java File Reference}{chapter.7}
\BOOKMARK [1][-]{section.7.25}{Empty.java File Reference}{chapter.7}
\BOOKMARK [1][-]{section.7.26}{EmptyImpl.java File Reference}{chapter.7}
\BOOKMARK [1][-]{section.7.27}{Enactable.java File Reference}{chapter.7}
\BOOKMARK [1][-]{section.7.28}{Exceptional.java File Reference}{chapter.7}
\BOOKMARK [1][-]{section.7.29}{Failed.java File Reference}{chapter.7}
\BOOKMARK [1][-]{section.7.30}{Int.java File Reference}{chapter.7}
\BOOKMARK [1][-]{section.7.31}{IntImpl.java File Reference}{chapter.7}
\BOOKMARK [1][-]{section.7.32}{List.java File Reference}{chapter.7}
\BOOKMARK [1][-]{section.7.33}{ListImpl.java File Reference}{chapter.7}
\BOOKMARK [1][-]{section.7.34}{Message.java File Reference}{chapter.7}
\BOOKMARK [1][-]{section.7.35}{MessageTag.java File Reference}{chapter.7}
\BOOKMARK [1][-]{section.7.36}{MessageTagImpl.java File Reference}{chapter.7}
\BOOKMARK [1][-]{section.7.37}{PureFactory.java File Reference}{chapter.7}
\BOOKMARK [1][-]{section.7.38}{Schedule.java File Reference}{chapter.7}
\BOOKMARK [1][-]{section.7.39}{Scheduling.java File Reference}{chapter.7}
\BOOKMARK [1][-]{section.7.40}{Storable.java File Reference}{chapter.7}
\BOOKMARK [1][-]{section.7.41}{Store.java File Reference}{chapter.7}
\BOOKMARK [1][-]{section.7.42}{Storing.java File Reference}{chapter.7}
\BOOKMARK [1][-]{section.7.43}{TaggedBuffers.java File Reference}{chapter.7}
\BOOKMARK [1][-]{section.7.44}{Text.java File Reference}{chapter.7}
\BOOKMARK [1][-]{section.7.45}{TextImpl.java File Reference}{chapter.7}
\BOOKMARK [1][-]{section.7.46}{Token.java File Reference}{chapter.7}
\BOOKMARK [1][-]{section.7.47}{TokenImpl.java File Reference}{chapter.7}
\BOOKMARK [1][-]{section.7.48}{Tuple.java File Reference}{chapter.7}
\BOOKMARK [1][-]{section.7.49}{Unfold.java File Reference}{chapter.7}
