This file contains any messages produced by compilers while
running configure, to aid debugging if configure makes a mistake.

It was created by configure, which was
generated by GNU Autoconf 2.53.  Invocation command line was

  $ ../configure 

## --------- ##
## Platform. ##
## --------- ##

hostname = tijs.bentinck.nl
uname -m = i686
uname -r = 2.4.7-10
uname -s = Linux
uname -v = #1 Thu Sep 6 16:46:36 EDT 2001

/usr/bin/uname -p = unknown
/bin/uname -X     = unknown

/bin/arch              = i686
/usr/bin/arch -k       = unknown
/usr/convex/getsysinfo = unknown
hostinfo               = unknown
/bin/machine           = unknown
/usr/bin/oslevel       = unknown
/bin/universe          = unknown

PATH: /usr/kerberos/bin
PATH: /bin
PATH: /usr/bin
PATH: /usr/bin/X11
PATH: /usr/local/bin
PATH: /usr/bin
PATH: /usr/X11R6/bin
PATH: /opt/tcm/bin
PATH: /usr/local/jdk1.2.2/bin
PATH: /opt/xt/bin
PATH: /usr/local/vtcl-1.6.0a1
PATH: /home/tvdstorm/bin
PATH: /usr/local/jdk1.2.2/bin
PATH: /opt/xt/bin
PATH: /usr/local/vtcl-1.6.0a1
PATH: /home/tvdstorm/bin
PATH: /usr/local/jdk1.2.2/bin
PATH: /opt/xt/bin
PATH: /usr/local/vtcl-1.6.0a1


## ----------- ##
## Core tests. ##
## ----------- ##

configure:1191: checking for a BSD-compatible install
configure:1245: result: /usr/bin/install -c
configure:1256: checking whether build environment is sane
configure:1299: result: yes
configure:1332: checking for gawk
configure:1348: found /bin/gawk
configure:1358: result: gawk
configure:1368: checking whether make sets ${MAKE}
configure:1388: result: yes
configure:1400: error: source directory already configured; run "make distclean" there first

## ---------------- ##
## Cache variables. ##
## ---------------- ##

ac_cv_env_CC_set=
ac_cv_env_CC_value=
ac_cv_env_CFLAGS_set=
ac_cv_env_CFLAGS_value=
ac_cv_env_CPPFLAGS_set=
ac_cv_env_CPPFLAGS_value=
ac_cv_env_CPP_set=
ac_cv_env_CPP_value=
ac_cv_env_LDFLAGS_set=
ac_cv_env_LDFLAGS_value=
ac_cv_env_build_alias_set=
ac_cv_env_build_alias_value=
ac_cv_env_host_alias_set=
ac_cv_env_host_alias_value=
ac_cv_env_target_alias_set=
ac_cv_env_target_alias_value=
ac_cv_path_install=$'/usr/bin/install -c'
ac_cv_prog_AWK=gawk
ac_cv_prog_make_make_set=yes

## ----------- ##
## confdefs.h. ##
## ----------- ##

#define PACKAGE_NAME ""
#define PACKAGE_TARNAME ""
#define PACKAGE_VERSION ""
#define PACKAGE_STRING ""
#define PACKAGE_BUGREPORT ""

configure: exit 1
