This file contains any messages produced by compilers while
running configure, to aid debugging if configure makes a mistake.

It was created by configure, which was
generated by GNU Autoconf 2.53.  Invocation command line was

  $ ./configure 

## --------- ##
## Platform. ##
## --------- ##

hostname = tijs.bentinck.nl
uname -m = i686
uname -r = 2.4.7-10
uname -s = Linux
uname -v = #1 Thu Sep 6 16:46:36 EDT 2001

/usr/bin/uname -p = unknown
/bin/uname -X     = unknown

/bin/arch              = i686
/usr/bin/arch -k       = unknown
/usr/convex/getsysinfo = unknown
hostinfo               = unknown
/bin/machine           = unknown
/usr/bin/oslevel       = unknown
/bin/universe          = unknown

PATH: /usr/kerberos/bin
PATH: /usr/local/bin
PATH: /bin
PATH: /usr/bin
PATH: /usr/X11R6/bin
PATH: /opt/tcm/bin
PATH: /usr/local/j2re1.3.1/bin
PATH: /usr/local/jdk1.2.2/bin
PATH: /usr/local/gv1.5/bin
PATH: /home/tvdstorm/bin
PATH: /usr/local/j2re1.3.1/bin
PATH: /usr/local/jdk1.2.2/bin
PATH: /usr/local/gv1.5/bin


## ----------- ##
## Core tests. ##
## ----------- ##

configure:1187: checking for a BSD-compatible install
configure:1241: result: /usr/bin/install -c
configure:1252: checking whether build environment is sane
configure:1295: result: yes
configure:1328: checking for gawk
configure:1344: found /bin/gawk
configure:1354: result: gawk
configure:1364: checking whether make sets ${MAKE}
configure:1384: result: yes
configure:1577: checking for gcc
configure:1593: found /usr/bin/gcc
configure:1603: result: gcc
configure:1847: checking for C compiler version
configure:1850: gcc --version </dev/null >&5
2.96
configure:1853: $? = 0
configure:1855: gcc -v </dev/null >&5
Reading specs from /usr/lib/gcc-lib/i386-redhat-linux/2.96/specs
gcc version 2.96 20000731 (Red Hat Linux 7.1 2.96-98)
configure:1858: $? = 0
configure:1860: gcc -V </dev/null >&5
gcc: argument to `-V' is missing
configure:1863: $? = 1
configure:1889: checking for C compiler default output
configure:1892: gcc    conftest.c  >&5
configure:1895: $? = 0
configure:1928: result: a.out
configure:1933: checking whether the C compiler works
configure:1939: ./a.out
configure:1942: $? = 0
configure:1957: result: yes
configure:1964: checking whether we are cross compiling
configure:1966: result: no
configure:1969: checking for suffix of executables
configure:1971: gcc -o conftest    conftest.c  >&5
configure:1974: $? = 0
configure:1996: result: 
configure:2002: checking for suffix of object files
configure:2026: gcc -c   conftest.c >&5
configure:2029: $? = 0
configure:2048: result: o
configure:2052: checking whether we are using the GNU C compiler
configure:2079: gcc -c   conftest.c >&5
configure:2082: $? = 0
configure:2085: test -s conftest.o
configure:2088: $? = 0
configure:2100: result: yes
configure:2106: checking whether gcc accepts -g
configure:2130: gcc -c -g  conftest.c >&5
configure:2133: $? = 0
configure:2136: test -s conftest.o
configure:2139: $? = 0
configure:2149: result: yes
configure:2176: gcc -c -g -O2  conftest.c >&5
conftest.c:2: parse error before `me'
configure:2179: $? = 1
configure: failed program was:
#ifndef __cplusplus
  choke me
#endif
configure:2308: checking for style of include used by make
configure:2336: result: GNU
configure:2364: checking dependency style of gcc
configure:2426: result: gcc3
configure:2472: checking for ranlib
configure:2488: found /usr/bin/ranlib
configure:2499: result: ranlib
configure:2519: checking for gcc option to accept ANSI C
configure:2582: gcc  -c -g -O2  conftest.c >&5
configure:2585: $? = 0
configure:2588: test -s conftest.o
configure:2591: $? = 0
configure:2608: result: none needed
configure:2616: checking for inline
configure:2633: gcc -c -g -O2  conftest.c >&5
configure:2636: $? = 0
configure:2639: test -s conftest.o
configure:2642: $? = 0
configure:2653: result: inline
configure:2791: creating ./config.status

## ---------------------- ##
## Running config.status. ##
## ---------------------- ##

This file was extended by config.status, which was
generated by GNU Autoconf 2.53.  Invocation command line was

  CONFIG_FILES    = 
  CONFIG_HEADERS  = 
  CONFIG_LINKS    = 
  CONFIG_COMMANDS = 
  $ ./config.status 

on tijs.bentinck.nl

config.status:593: creating Makefile
config.status:593: creating src/Makefile
config.status:718: executing depfiles commands

## ---------------- ##
## Cache variables. ##
## ---------------- ##

ac_cv_c_compiler_gnu=yes
ac_cv_c_inline=inline
ac_cv_env_CC_set=
ac_cv_env_CC_value=
ac_cv_env_CFLAGS_set=
ac_cv_env_CFLAGS_value=
ac_cv_env_CPPFLAGS_set=
ac_cv_env_CPPFLAGS_value=
ac_cv_env_LDFLAGS_set=
ac_cv_env_LDFLAGS_value=
ac_cv_env_build_alias_set=
ac_cv_env_build_alias_value=
ac_cv_env_host_alias_set=
ac_cv_env_host_alias_value=
ac_cv_env_target_alias_set=
ac_cv_env_target_alias_value=
ac_cv_exeext=
ac_cv_objext=o
ac_cv_path_install=$'/usr/bin/install -c'
ac_cv_prog_AWK=gawk
ac_cv_prog_ac_ct_CC=gcc
ac_cv_prog_ac_ct_RANLIB=ranlib
ac_cv_prog_cc_g=yes
ac_cv_prog_cc_stdc=
ac_cv_prog_make_make_set=yes
am_cv_CC_dependencies_compiler_type=gcc3

## ----------- ##
## confdefs.h. ##
## ----------- ##

#define PACKAGE_NAME ""
#define PACKAGE_TARNAME ""
#define PACKAGE_VERSION ""
#define PACKAGE_STRING ""
#define PACKAGE_BUGREPORT ""
#define PACKAGE "dn"
#define VERSION "0.1"

configure: exit 0

## ---------------------- ##
## Running config.status. ##
## ---------------------- ##

This file was extended by config.status, which was
generated by GNU Autoconf 2.53.  Invocation command line was

  CONFIG_FILES    = 
  CONFIG_HEADERS  = 
  CONFIG_LINKS    = 
  CONFIG_COMMANDS = 
  $ ./config.status src/Makefile depfiles

on tijs.bentinck.nl

config.status:593: creating src/Makefile
config.status:718: executing depfiles commands

## ---------------------- ##
## Running config.status. ##
## ---------------------- ##

This file was extended by config.status, which was
generated by GNU Autoconf 2.53.  Invocation command line was

  CONFIG_FILES    = 
  CONFIG_HEADERS  = 
  CONFIG_LINKS    = 
  CONFIG_COMMANDS = 
  $ ./config.status src/Makefile

on tijs.bentinck.nl

config.status:593: creating src/Makefile

## ---------------------- ##
## Running config.status. ##
## ---------------------- ##

This file was extended by config.status, which was
generated by GNU Autoconf 2.53.  Invocation command line was

  CONFIG_FILES    = 
  CONFIG_HEADERS  = 
  CONFIG_LINKS    = 
  CONFIG_COMMANDS = 
  $ ./config.status src/Makefile depfiles

on tijs.bentinck.nl

config.status:593: creating src/Makefile
config.status:718: executing depfiles commands

## ---------------------- ##
## Running config.status. ##
## ---------------------- ##

This file was extended by config.status, which was
generated by GNU Autoconf 2.53.  Invocation command line was

  CONFIG_FILES    = 
  CONFIG_HEADERS  = 
  CONFIG_LINKS    = 
  CONFIG_COMMANDS = 
  $ ./config.status src/Makefile depfiles

on tijs.bentinck.nl

config.status:593: creating src/Makefile
config.status:718: executing depfiles commands

## ---------------------- ##
## Running config.status. ##
## ---------------------- ##

This file was extended by config.status, which was
generated by GNU Autoconf 2.53.  Invocation command line was

  CONFIG_FILES    = 
  CONFIG_HEADERS  = 
  CONFIG_LINKS    = 
  CONFIG_COMMANDS = 
  $ ./config.status src/Makefile depfiles

on tijs.bentinck.nl

config.status:593: creating src/Makefile
config.status:718: executing depfiles commands

## ---------------------- ##
## Running config.status. ##
## ---------------------- ##

This file was extended by config.status, which was
generated by GNU Autoconf 2.53.  Invocation command line was

  CONFIG_FILES    = 
  CONFIG_HEADERS  = 
  CONFIG_LINKS    = 
  CONFIG_COMMANDS = 
  $ ./config.status src/Makefile depfiles

on tijs.bentinck.nl

config.status:593: creating src/Makefile
config.status:718: executing depfiles commands
