This file contains any messages produced by compilers while
running configure, to aid debugging if configure makes a mistake.

It was created by configure, which was
generated by GNU Autoconf 2.53.  Invocation command line was

  $ ./configure 

## --------- ##
## Platform. ##
## --------- ##

hostname = tijs.bentinck.nl
uname -m = i686
uname -r = 2.4.7-10
uname -s = Linux
uname -v = #1 Thu Sep 6 16:46:36 EDT 2001

/usr/bin/uname -p = unknown
/bin/uname -X     = unknown

/bin/arch              = i686
/usr/bin/arch -k       = unknown
/usr/convex/getsysinfo = unknown
hostinfo               = unknown
/bin/machine           = unknown
/usr/bin/oslevel       = unknown
/bin/universe          = unknown

PATH: /usr/kerberos/bin
PATH: /bin
PATH: /usr/bin
PATH: /usr/bin/X11
PATH: /usr/local/bin
PATH: /usr/bin
PATH: /usr/X11R6/bin
PATH: /opt/tcm/bin
PATH: /usr/local/jdk1.2.2/bin
PATH: /opt/xt/bin
PATH: /usr/local/vtcl-1.6.0a1
PATH: /home/tvdstorm/bin
PATH: /usr/local/jdk1.2.2/bin
PATH: /opt/xt/bin
PATH: /usr/local/vtcl-1.6.0a1
PATH: /home/tvdstorm/bin
PATH: /usr/local/jdk1.2.2/bin
PATH: /opt/xt/bin
PATH: /usr/local/vtcl-1.6.0a1


## ----------- ##
## Core tests. ##
## ----------- ##

configure:1229: checking for a BSD-compatible install
configure:1283: result: /usr/bin/install -c
configure:1294: checking whether build environment is sane
configure:1337: result: yes
configure:1370: checking for gawk
configure:1386: found /bin/gawk
configure:1396: result: gawk
configure:1406: checking whether make sets ${MAKE}
configure:1426: result: yes
configure:1619: checking for gcc
configure:1635: found /usr/bin/gcc
configure:1645: result: gcc
configure:1889: checking for C compiler version
configure:1892: gcc --version </dev/null >&5
2.96
configure:1895: $? = 0
configure:1897: gcc -v </dev/null >&5
Reading specs from /usr/lib/gcc-lib/i386-redhat-linux/2.96/specs
gcc version 2.96 20000731 (Red Hat Linux 7.1 2.96-98)
configure:1900: $? = 0
configure:1902: gcc -V </dev/null >&5
gcc: argument to `-V' is missing
configure:1905: $? = 1
configure:1931: checking for C compiler default output
configure:1934: gcc    conftest.c  >&5
configure:1937: $? = 0
configure:1970: result: a.out
configure:1975: checking whether the C compiler works
configure:1981: ./a.out
configure:1984: $? = 0
configure:1999: result: yes
configure:2006: checking whether we are cross compiling
configure:2008: result: no
configure:2011: checking for suffix of executables
configure:2013: gcc -o conftest    conftest.c  >&5
configure:2016: $? = 0
configure:2038: result: 
configure:2044: checking for suffix of object files
configure:2068: gcc -c   conftest.c >&5
configure:2071: $? = 0
configure:2090: result: o
configure:2094: checking whether we are using the GNU C compiler
configure:2121: gcc -c   conftest.c >&5
configure:2124: $? = 0
configure:2127: test -s conftest.o
configure:2130: $? = 0
configure:2142: result: yes
configure:2148: checking whether gcc accepts -g
configure:2172: gcc -c -g  conftest.c >&5
configure:2175: $? = 0
configure:2178: test -s conftest.o
configure:2181: $? = 0
configure:2191: result: yes
configure:2218: gcc -c -g -O2  conftest.c >&5
conftest.c:2: parse error before `me'
configure:2221: $? = 1
configure: failed program was:
#ifndef __cplusplus
  choke me
#endif
configure:2350: checking for style of include used by make
configure:2378: result: GNU
configure:2406: checking dependency style of gcc
configure:2468: result: gcc3
configure:2514: checking for ranlib
configure:2530: found /usr/bin/ranlib
configure:2541: result: ranlib
configure:2563: checking how to run the C preprocessor
configure:2589: gcc -E  conftest.c
configure:2595: $? = 0
configure:2622: gcc -E  conftest.c
configure:2618:28: ac_nonexistent.h: No such file or directory
configure:2628: $? = 1
configure: failed program was:
#line 2617 "configure"
#include "confdefs.h"
#include <ac_nonexistent.h>
configure:2665: result: gcc -E
configure:2680: gcc -E  conftest.c
configure:2686: $? = 0
configure:2713: gcc -E  conftest.c
configure:2709:28: ac_nonexistent.h: No such file or directory
configure:2719: $? = 1
configure: failed program was:
#line 2708 "configure"
#include "confdefs.h"
#include <ac_nonexistent.h>
configure:2759: checking for ANSI C header files
configure:2773: gcc -E  conftest.c
configure:2779: $? = 0
configure:2864: gcc -o conftest -g -O2   conftest.c  >&5
configure:2867: $? = 0
configure:2869: ./conftest
configure:2872: $? = 0
configure:2886: result: yes
configure:2910: checking for sys/types.h
configure:2923: gcc -c -g -O2  conftest.c >&5
configure:2926: $? = 0
configure:2929: test -s conftest.o
configure:2932: $? = 0
configure:2942: result: yes
configure:2910: checking for sys/stat.h
configure:2923: gcc -c -g -O2  conftest.c >&5
configure:2926: $? = 0
configure:2929: test -s conftest.o
configure:2932: $? = 0
configure:2942: result: yes
configure:2910: checking for stdlib.h
configure:2923: gcc -c -g -O2  conftest.c >&5
configure:2926: $? = 0
configure:2929: test -s conftest.o
configure:2932: $? = 0
configure:2942: result: yes
configure:2910: checking for string.h
configure:2923: gcc -c -g -O2  conftest.c >&5
configure:2926: $? = 0
configure:2929: test -s conftest.o
configure:2932: $? = 0
configure:2942: result: yes
configure:2910: checking for memory.h
configure:2923: gcc -c -g -O2  conftest.c >&5
configure:2926: $? = 0
configure:2929: test -s conftest.o
configure:2932: $? = 0
configure:2942: result: yes
configure:2910: checking for strings.h
configure:2923: gcc -c -g -O2  conftest.c >&5
configure:2926: $? = 0
configure:2929: test -s conftest.o
configure:2932: $? = 0
configure:2942: result: yes
configure:2910: checking for inttypes.h
configure:2923: gcc -c -g -O2  conftest.c >&5
configure:2926: $? = 0
configure:2929: test -s conftest.o
configure:2932: $? = 0
configure:2942: result: yes
configure:2910: checking for stdint.h
configure:2923: gcc -c -g -O2  conftest.c >&5
configure:2926: $? = 0
configure:2929: test -s conftest.o
configure:2932: $? = 0
configure:2942: result: yes
configure:2910: checking for unistd.h
configure:2923: gcc -c -g -O2  conftest.c >&5
configure:2926: $? = 0
configure:2929: test -s conftest.o
configure:2932: $? = 0
configure:2942: result: yes
configure:2959: checking for stdlib.h
configure:2964: result: yes
configure:3077: checking for stdlib.h
configure:3082: result: yes
configure:3186: checking for working malloc
configure:3218: gcc -o conftest -g -O2   conftest.c  >&5
configure:3221: $? = 0
configure:3223: ./conftest
configure:3226: $? = 0
configure:3239: result: yes
configure:3370: creating ./config.status

## ---------------------- ##
## Running config.status. ##
## ---------------------- ##

This file was extended by config.status, which was
generated by GNU Autoconf 2.53.  Invocation command line was

  CONFIG_FILES    = 
  CONFIG_HEADERS  = 
  CONFIG_LINKS    = 
  CONFIG_COMMANDS = 
  $ ./config.status 

on tijs.bentinck.nl

config.status:595: creating Makefile
config.status:595: creating src/Makefile
config.status:595: creating src/support/Makefile
config.status:720: executing depfiles commands

## ---------------- ##
## Cache variables. ##
## ---------------- ##

ac_cv_c_compiler_gnu=yes
ac_cv_env_CC_set=
ac_cv_env_CC_value=
ac_cv_env_CFLAGS_set=
ac_cv_env_CFLAGS_value=
ac_cv_env_CPPFLAGS_set=
ac_cv_env_CPPFLAGS_value=
ac_cv_env_CPP_set=
ac_cv_env_CPP_value=
ac_cv_env_LDFLAGS_set=
ac_cv_env_LDFLAGS_value=
ac_cv_env_build_alias_set=
ac_cv_env_build_alias_value=
ac_cv_env_host_alias_set=
ac_cv_env_host_alias_value=
ac_cv_env_target_alias_set=
ac_cv_env_target_alias_value=
ac_cv_exeext=
ac_cv_func_malloc_works=yes
ac_cv_header_inttypes_h=yes
ac_cv_header_memory_h=yes
ac_cv_header_stdc=yes
ac_cv_header_stdint_h=yes
ac_cv_header_stdlib_h=yes
ac_cv_header_string_h=yes
ac_cv_header_strings_h=yes
ac_cv_header_sys_stat_h=yes
ac_cv_header_sys_types_h=yes
ac_cv_header_unistd_h=yes
ac_cv_objext=o
ac_cv_path_install=$'/usr/bin/install -c'
ac_cv_prog_AWK=gawk
ac_cv_prog_CPP=$'gcc -E'
ac_cv_prog_ac_ct_CC=gcc
ac_cv_prog_ac_ct_RANLIB=ranlib
ac_cv_prog_cc_g=yes
ac_cv_prog_make_make_set=yes
am_cv_CC_dependencies_compiler_type=gcc3

## ----------- ##
## confdefs.h. ##
## ----------- ##

#define PACKAGE_NAME ""
#define PACKAGE_TARNAME ""
#define PACKAGE_VERSION ""
#define PACKAGE_STRING ""
#define PACKAGE_BUGREPORT ""
#define PACKAGE "AN2AIL"
#define VERSION "0.1"
#define STDC_HEADERS 1
#define HAVE_SYS_TYPES_H 1
#define HAVE_SYS_STAT_H 1
#define HAVE_STDLIB_H 1
#define HAVE_STRING_H 1
#define HAVE_MEMORY_H 1
#define HAVE_STRINGS_H 1
#define HAVE_INTTYPES_H 1
#define HAVE_STDINT_H 1
#define HAVE_UNISTD_H 1
#define HAVE_STDLIB_H 1
#define HAVE_STDLIB_H 1
#define HAVE_MALLOC 1

configure: exit 0

## ---------------------- ##
## Running config.status. ##
## ---------------------- ##

This file was extended by config.status, which was
generated by GNU Autoconf 2.53.  Invocation command line was

  CONFIG_FILES    = 
  CONFIG_HEADERS  = 
  CONFIG_LINKS    = 
  CONFIG_COMMANDS = 
  $ ./config.status src/Makefile depfiles

on tijs.bentinck.nl

config.status:595: creating src/Makefile
config.status:720: executing depfiles commands

## ---------------------- ##
## Running config.status. ##
## ---------------------- ##

This file was extended by config.status, which was
generated by GNU Autoconf 2.53.  Invocation command line was

  CONFIG_FILES    = 
  CONFIG_HEADERS  = 
  CONFIG_LINKS    = 
  CONFIG_COMMANDS = 
  $ ./config.status src/Makefile depfiles

on tijs.bentinck.nl

config.status:595: creating src/Makefile
config.status:720: executing depfiles commands

## ---------------------- ##
## Running config.status. ##
## ---------------------- ##

This file was extended by config.status, which was
generated by GNU Autoconf 2.53.  Invocation command line was

  CONFIG_FILES    = 
  CONFIG_HEADERS  = 
  CONFIG_LINKS    = 
  CONFIG_COMMANDS = 
  $ ./config.status src/Makefile depfiles

on tijs.bentinck.nl

config.status:595: creating src/Makefile
config.status:720: executing depfiles commands

## ---------------------- ##
## Running config.status. ##
## ---------------------- ##

This file was extended by config.status, which was
generated by GNU Autoconf 2.53.  Invocation command line was

  CONFIG_FILES    = 
  CONFIG_HEADERS  = 
  CONFIG_LINKS    = 
  CONFIG_COMMANDS = 
  $ ./config.status src/Makefile depfiles

on tijs.bentinck.nl

config.status:595: creating src/Makefile
config.status:720: executing depfiles commands

## ---------------------- ##
## Running config.status. ##
## ---------------------- ##

This file was extended by config.status, which was
generated by GNU Autoconf 2.53.  Invocation command line was

  CONFIG_FILES    = 
  CONFIG_HEADERS  = 
  CONFIG_LINKS    = 
  CONFIG_COMMANDS = 
  $ ./config.status src/Makefile depfiles

on tijs.bentinck.nl

config.status:595: creating src/Makefile
config.status:720: executing depfiles commands

## ---------------------- ##
## Running config.status. ##
## ---------------------- ##

This file was extended by config.status, which was
generated by GNU Autoconf 2.53.  Invocation command line was

  CONFIG_FILES    = 
  CONFIG_HEADERS  = 
  CONFIG_LINKS    = 
  CONFIG_COMMANDS = 
  $ ./config.status src/Makefile depfiles

on tijs.bentinck.nl

config.status:595: creating src/Makefile
config.status:720: executing depfiles commands

## ---------------------- ##
## Running config.status. ##
## ---------------------- ##

This file was extended by config.status, which was
generated by GNU Autoconf 2.53.  Invocation command line was

  CONFIG_FILES    = 
  CONFIG_HEADERS  = 
  CONFIG_LINKS    = 
  CONFIG_COMMANDS = 
  $ ./config.status src/Makefile depfiles

on tijs.bentinck.nl

config.status:595: creating src/Makefile
config.status:720: executing depfiles commands

## ---------------------- ##
## Running config.status. ##
## ---------------------- ##

This file was extended by config.status, which was
generated by GNU Autoconf 2.53.  Invocation command line was

  CONFIG_FILES    = 
  CONFIG_HEADERS  = 
  CONFIG_LINKS    = 
  CONFIG_COMMANDS = 
  $ ./config.status src/Makefile depfiles

on tijs.bentinck.nl

config.status:595: creating src/Makefile
config.status:720: executing depfiles commands

## ---------------------- ##
## Running config.status. ##
## ---------------------- ##

This file was extended by config.status, which was
generated by GNU Autoconf 2.53.  Invocation command line was

  CONFIG_FILES    = 
  CONFIG_HEADERS  = 
  CONFIG_LINKS    = 
  CONFIG_COMMANDS = 
  $ ./config.status src/Makefile depfiles

on tijs.bentinck.nl

config.status:595: creating src/Makefile
config.status:720: executing depfiles commands

## ---------------------- ##
## Running config.status. ##
## ---------------------- ##

This file was extended by config.status, which was
generated by GNU Autoconf 2.53.  Invocation command line was

  CONFIG_FILES    = 
  CONFIG_HEADERS  = 
  CONFIG_LINKS    = 
  CONFIG_COMMANDS = 
  $ ./config.status src/Makefile depfiles

on tijs.bentinck.nl

config.status:595: creating src/Makefile
config.status:720: executing depfiles commands

## ---------------------- ##
## Running config.status. ##
## ---------------------- ##

This file was extended by config.status, which was
generated by GNU Autoconf 2.53.  Invocation command line was

  CONFIG_FILES    = 
  CONFIG_HEADERS  = 
  CONFIG_LINKS    = 
  CONFIG_COMMANDS = 
  $ ./config.status src/Makefile depfiles

on tijs.bentinck.nl

config.status:595: creating src/Makefile
config.status:720: executing depfiles commands

## ---------------------- ##
## Running config.status. ##
## ---------------------- ##

This file was extended by config.status, which was
generated by GNU Autoconf 2.53.  Invocation command line was

  CONFIG_FILES    = 
  CONFIG_HEADERS  = 
  CONFIG_LINKS    = 
  CONFIG_COMMANDS = 
  $ ./config.status src/Makefile depfiles

on tijs.bentinck.nl

config.status:595: creating src/Makefile
config.status:720: executing depfiles commands

## ---------------------- ##
## Running config.status. ##
## ---------------------- ##

This file was extended by config.status, which was
generated by GNU Autoconf 2.53.  Invocation command line was

  CONFIG_FILES    = 
  CONFIG_HEADERS  = 
  CONFIG_LINKS    = 
  CONFIG_COMMANDS = 
  $ ./config.status src/Makefile depfiles

on tijs.bentinck.nl

config.status:595: creating src/Makefile
config.status:720: executing depfiles commands

## ---------------------- ##
## Running config.status. ##
## ---------------------- ##

This file was extended by config.status, which was
generated by GNU Autoconf 2.53.  Invocation command line was

  CONFIG_FILES    = 
  CONFIG_HEADERS  = 
  CONFIG_LINKS    = 
  CONFIG_COMMANDS = 
  $ ./config.status src/support/Makefile depfiles

on tijs.bentinck.nl

config.status:595: creating src/support/Makefile
config.status:720: executing depfiles commands

## ---------------------- ##
## Running config.status. ##
## ---------------------- ##

This file was extended by config.status, which was
generated by GNU Autoconf 2.53.  Invocation command line was

  CONFIG_FILES    = 
  CONFIG_HEADERS  = 
  CONFIG_LINKS    = 
  CONFIG_COMMANDS = 
  $ ./config.status src/Makefile depfiles

on tijs.bentinck.nl

config.status:595: creating src/Makefile
config.status:720: executing depfiles commands

## ---------------------- ##
## Running config.status. ##
## ---------------------- ##

This file was extended by config.status, which was
generated by GNU Autoconf 2.53.  Invocation command line was

  CONFIG_FILES    = 
  CONFIG_HEADERS  = 
  CONFIG_LINKS    = 
  CONFIG_COMMANDS = 
  $ ./config.status src/Makefile depfiles

on tijs.bentinck.nl

config.status:595: creating src/Makefile
config.status:720: executing depfiles commands

## ---------------------- ##
## Running config.status. ##
## ---------------------- ##

This file was extended by config.status, which was
generated by GNU Autoconf 2.53.  Invocation command line was

  CONFIG_FILES    = 
  CONFIG_HEADERS  = 
  CONFIG_LINKS    = 
  CONFIG_COMMANDS = 
  $ ./config.status src/support/Makefile depfiles

on tijs.bentinck.nl

config.status:595: creating src/support/Makefile
config.status:720: executing depfiles commands

## ---------------------- ##
## Running config.status. ##
## ---------------------- ##

This file was extended by config.status, which was
generated by GNU Autoconf 2.53.  Invocation command line was

  CONFIG_FILES    = 
  CONFIG_HEADERS  = 
  CONFIG_LINKS    = 
  CONFIG_COMMANDS = 
  $ ./config.status src/Makefile depfiles

on tijs.bentinck.nl

config.status:595: creating src/Makefile
config.status:720: executing depfiles commands

## ---------------------- ##
## Running config.status. ##
## ---------------------- ##

This file was extended by config.status, which was
generated by GNU Autoconf 2.53.  Invocation command line was

  CONFIG_FILES    = 
  CONFIG_HEADERS  = 
  CONFIG_LINKS    = 
  CONFIG_COMMANDS = 
  $ ./config.status src/Makefile depfiles

on tijs.bentinck.nl

config.status:595: creating src/Makefile
config.status:720: executing depfiles commands

## ---------------------- ##
## Running config.status. ##
## ---------------------- ##

This file was extended by config.status, which was
generated by GNU Autoconf 2.53.  Invocation command line was

  CONFIG_FILES    = 
  CONFIG_HEADERS  = 
  CONFIG_LINKS    = 
  CONFIG_COMMANDS = 
  $ ./config.status src/Makefile depfiles

on tijs.bentinck.nl

config.status:595: creating src/Makefile
config.status:720: executing depfiles commands

## ---------------------- ##
## Running config.status. ##
## ---------------------- ##

This file was extended by config.status, which was
generated by GNU Autoconf 2.53.  Invocation command line was

  CONFIG_FILES    = 
  CONFIG_HEADERS  = 
  CONFIG_LINKS    = 
  CONFIG_COMMANDS = 
  $ ./config.status src/Makefile depfiles

on tijs.bentinck.nl

config.status:595: creating src/Makefile
config.status:720: executing depfiles commands

## ---------------------- ##
## Running config.status. ##
## ---------------------- ##

This file was extended by config.status, which was
generated by GNU Autoconf 2.53.  Invocation command line was

  CONFIG_FILES    = 
  CONFIG_HEADERS  = 
  CONFIG_LINKS    = 
  CONFIG_COMMANDS = 
  $ ./config.status src/Makefile depfiles

on tijs.bentinck.nl

config.status:595: creating src/Makefile
config.status:720: executing depfiles commands

## ---------------------- ##
## Running config.status. ##
## ---------------------- ##

This file was extended by config.status, which was
generated by GNU Autoconf 2.53.  Invocation command line was

  CONFIG_FILES    = 
  CONFIG_HEADERS  = 
  CONFIG_LINKS    = 
  CONFIG_COMMANDS = 
  $ ./config.status src/Makefile depfiles

on tijs.bentinck.nl

config.status:595: creating src/Makefile
config.status:720: executing depfiles commands

## ---------------------- ##
## Running config.status. ##
## ---------------------- ##

This file was extended by config.status, which was
generated by GNU Autoconf 2.53.  Invocation command line was

  CONFIG_FILES    = 
  CONFIG_HEADERS  = 
  CONFIG_LINKS    = 
  CONFIG_COMMANDS = 
  $ ./config.status src/Makefile depfiles

on tijs.bentinck.nl

config.status:595: creating src/Makefile
config.status:720: executing depfiles commands

## ---------------------- ##
## Running config.status. ##
## ---------------------- ##

This file was extended by config.status, which was
generated by GNU Autoconf 2.53.  Invocation command line was

  CONFIG_FILES    = 
  CONFIG_HEADERS  = 
  CONFIG_LINKS    = 
  CONFIG_COMMANDS = 
  $ ./config.status src/Makefile depfiles

on tijs.bentinck.nl

config.status:595: creating src/Makefile
config.status:720: executing depfiles commands

## ---------------------- ##
## Running config.status. ##
## ---------------------- ##

This file was extended by config.status, which was
generated by GNU Autoconf 2.53.  Invocation command line was

  CONFIG_FILES    = 
  CONFIG_HEADERS  = 
  CONFIG_LINKS    = 
  CONFIG_COMMANDS = 
  $ ./config.status src/Makefile depfiles

on tijs.bentinck.nl

config.status:595: creating src/Makefile
config.status:720: executing depfiles commands
