This file contains any messages produced by compilers while
running configure, to aid debugging if configure makes a mistake.

It was created by configure, which was
generated by GNU Autoconf 2.53.  Invocation command line was

  $ ./configure --no-create --no-recursion

## --------- ##
## Platform. ##
## --------- ##

hostname = tijs.bentinck.nl
uname -m = i686
uname -r = 2.4.7-10
uname -s = Linux
uname -v = #1 Thu Sep 6 16:46:36 EDT 2001

/usr/bin/uname -p = unknown
/bin/uname -X     = unknown

/bin/arch              = i686
/usr/bin/arch -k       = unknown
/usr/convex/getsysinfo = unknown
hostinfo               = unknown
/bin/machine           = unknown
/usr/bin/oslevel       = unknown
/bin/universe          = unknown

PATH: /usr/kerberos/bin
PATH: /bin
PATH: /usr/bin
PATH: /usr/bin/X11
PATH: /usr/local/bin
PATH: /usr/bin
PATH: /usr/X11R6/bin
PATH: /opt/tcm/bin
PATH: /usr/local/jdk1.2.2/bin
PATH: /opt/xt/bin
PATH: /usr/local/vtcl-1.6.0a1
PATH: /home/tvdstorm/bin
PATH: /usr/local/jdk1.2.2/bin
PATH: /opt/xt/bin
PATH: /usr/local/vtcl-1.6.0a1
PATH: /home/tvdstorm/bin
PATH: /usr/local/jdk1.2.2/bin
PATH: /opt/xt/bin
PATH: /usr/local/vtcl-1.6.0a1


## ----------- ##
## Core tests. ##
## ----------- ##

configure:1228: checking for a BSD-compatible install
configure:1282: result: /usr/bin/install -c
configure:1293: checking whether build environment is sane
configure:1336: result: yes
configure:1369: checking for gawk
configure:1385: found /bin/gawk
configure:1395: result: gawk
configure:1405: checking whether make sets ${MAKE}
configure:1425: result: yes
configure:1619: checking for gcc
configure:1635: found /usr/bin/gcc
configure:1645: result: gcc
configure:1889: checking for C compiler version
configure:1892: gcc --version </dev/null >&5
2.96
configure:1895: $? = 0
configure:1897: gcc -v </dev/null >&5
Reading specs from /usr/lib/gcc-lib/i386-redhat-linux/2.96/specs
gcc version 2.96 20000731 (Red Hat Linux 7.1 2.96-98)
configure:1900: $? = 0
configure:1902: gcc -V </dev/null >&5
gcc: argument to `-V' is missing
configure:1905: $? = 1
configure:1931: checking for C compiler default output
configure:1934: gcc    conftest.c  >&5
configure:1937: $? = 0
configure:1970: result: a.out
configure:1975: checking whether the C compiler works
configure:1981: ./a.out
configure:1984: $? = 0
configure:1999: result: yes
configure:2006: checking whether we are cross compiling
configure:2008: result: no
configure:2011: checking for suffix of executables
configure:2013: gcc -o conftest    conftest.c  >&5
configure:2016: $? = 0
configure:2038: result: 
configure:2044: checking for suffix of object files
configure:2068: gcc -c   conftest.c >&5
configure:2071: $? = 0
configure:2090: result: o
configure:2094: checking whether we are using the GNU C compiler
configure:2121: gcc -c   conftest.c >&5
configure:2124: $? = 0
configure:2127: test -s conftest.o
configure:2130: $? = 0
configure:2142: result: yes
configure:2148: checking whether gcc accepts -g
configure:2172: gcc -c -g  conftest.c >&5
configure:2175: $? = 0
configure:2178: test -s conftest.o
configure:2181: $? = 0
configure:2191: result: yes
configure:2218: gcc -c -g -O2  conftest.c >&5
conftest.c:2: parse error before `me'
configure:2221: $? = 1
configure: failed program was:
#ifndef __cplusplus
  choke me
#endif
configure:2350: checking for style of include used by make
configure:2378: result: GNU
configure:2406: checking dependency style of gcc
configure:2468: result: gcc3
configure:2514: checking for ranlib
configure:2530: found /usr/bin/ranlib
configure:2541: result: ranlib
configure:2561: checking how to run the C preprocessor
configure:2587: gcc -E  conftest.c
configure:2593: $? = 0
configure:2620: gcc -E  conftest.c
configure:2616:28: ac_nonexistent.h: No such file or directory
configure:2626: $? = 1
configure: failed program was:
#line 2615 "configure"
#include "confdefs.h"
#include <ac_nonexistent.h>
configure:2663: result: gcc -E
configure:2678: gcc -E  conftest.c
configure:2684: $? = 0
configure:2711: gcc -E  conftest.c
configure:2707:28: ac_nonexistent.h: No such file or directory
configure:2717: $? = 1
configure: failed program was:
#line 2706 "configure"
#include "confdefs.h"
#include <ac_nonexistent.h>
configure:2757: checking for ANSI C header files
configure:2771: gcc -E  conftest.c
configure:2777: $? = 0
configure:2862: gcc -o conftest -g -O2   conftest.c  >&5
configure:2865: $? = 0
configure:2867: ./conftest
configure:2870: $? = 0
configure:2884: result: yes
configure:2908: checking for sys/types.h
configure:2921: gcc -c -g -O2  conftest.c >&5
configure:2924: $? = 0
configure:2927: test -s conftest.o
configure:2930: $? = 0
configure:2940: result: yes
configure:2908: checking for sys/stat.h
configure:2921: gcc -c -g -O2  conftest.c >&5
configure:2924: $? = 0
configure:2927: test -s conftest.o
configure:2930: $? = 0
configure:2940: result: yes
configure:2908: checking for stdlib.h
configure:2921: gcc -c -g -O2  conftest.c >&5
configure:2924: $? = 0
configure:2927: test -s conftest.o
configure:2930: $? = 0
configure:2940: result: yes
configure:2908: checking for string.h
configure:2921: gcc -c -g -O2  conftest.c >&5
configure:2924: $? = 0
configure:2927: test -s conftest.o
configure:2930: $? = 0
configure:2940: result: yes
configure:2908: checking for memory.h
configure:2921: gcc -c -g -O2  conftest.c >&5
configure:2924: $? = 0
configure:2927: test -s conftest.o
configure:2930: $? = 0
configure:2940: result: yes
configure:2908: checking for strings.h
configure:2921: gcc -c -g -O2  conftest.c >&5
configure:2924: $? = 0
configure:2927: test -s conftest.o
configure:2930: $? = 0
configure:2940: result: yes
configure:2908: checking for inttypes.h
configure:2921: gcc -c -g -O2  conftest.c >&5
configure:2924: $? = 0
configure:2927: test -s conftest.o
configure:2930: $? = 0
configure:2940: result: yes
configure:2908: checking for stdint.h
configure:2921: gcc -c -g -O2  conftest.c >&5
configure:2924: $? = 0
configure:2927: test -s conftest.o
configure:2930: $? = 0
configure:2940: result: yes
configure:2908: checking for unistd.h
configure:2921: gcc -c -g -O2  conftest.c >&5
configure:2924: $? = 0
configure:2927: test -s conftest.o
configure:2930: $? = 0
configure:2940: result: yes
configure:2957: checking for strings.h
configure:2962: result: yes
configure:3068: checking for ANSI C header files
configure:3195: result: yes
configure:3325: creating ./config.status

## ---------------- ##
## Cache variables. ##
## ---------------- ##

ac_cv_c_compiler_gnu=yes
ac_cv_env_CC_set=
ac_cv_env_CC_value=
ac_cv_env_CFLAGS_set=
ac_cv_env_CFLAGS_value=
ac_cv_env_CPPFLAGS_set=
ac_cv_env_CPPFLAGS_value=
ac_cv_env_CPP_set=
ac_cv_env_CPP_value=
ac_cv_env_LDFLAGS_set=
ac_cv_env_LDFLAGS_value=
ac_cv_env_build_alias_set=
ac_cv_env_build_alias_value=
ac_cv_env_host_alias_set=
ac_cv_env_host_alias_value=
ac_cv_env_target_alias_set=
ac_cv_env_target_alias_value=
ac_cv_exeext=
ac_cv_header_inttypes_h=yes
ac_cv_header_memory_h=yes
ac_cv_header_stdc=yes
ac_cv_header_stdint_h=yes
ac_cv_header_stdlib_h=yes
ac_cv_header_string_h=yes
ac_cv_header_strings_h=yes
ac_cv_header_sys_stat_h=yes
ac_cv_header_sys_types_h=yes
ac_cv_header_unistd_h=yes
ac_cv_objext=o
ac_cv_path_install=$'/usr/bin/install -c'
ac_cv_prog_AWK=gawk
ac_cv_prog_CPP=$'gcc -E'
ac_cv_prog_ac_ct_CC=gcc
ac_cv_prog_ac_ct_RANLIB=ranlib
ac_cv_prog_cc_g=yes
ac_cv_prog_make_make_set=yes
am_cv_CC_dependencies_compiler_type=gcc3

## ----------- ##
## confdefs.h. ##
## ----------- ##

#define PACKAGE_NAME ""
#define PACKAGE_TARNAME ""
#define PACKAGE_VERSION ""
#define PACKAGE_STRING ""
#define PACKAGE_BUGREPORT ""
#define PACKAGE "abf"
#define VERSION "0.1"
#define STDC_HEADERS 1
#define HAVE_SYS_TYPES_H 1
#define HAVE_SYS_STAT_H 1
#define HAVE_STDLIB_H 1
#define HAVE_STRING_H 1
#define HAVE_MEMORY_H 1
#define HAVE_STRINGS_H 1
#define HAVE_INTTYPES_H 1
#define HAVE_STDINT_H 1
#define HAVE_UNISTD_H 1
#define HAVE_STRINGS_H 1
#define STDC_HEADERS 1

configure: exit 0

## ---------------------- ##
## Running config.status. ##
## ---------------------- ##

This file was extended by config.status, which was
generated by GNU Autoconf 2.53.  Invocation command line was

  CONFIG_FILES    = 
  CONFIG_HEADERS  = 
  CONFIG_LINKS    = 
  CONFIG_COMMANDS = 
  $ ./config.status Makefile

on tijs.bentinck.nl

config.status:594: creating Makefile

## ---------------------- ##
## Running config.status. ##
## ---------------------- ##

This file was extended by config.status, which was
generated by GNU Autoconf 2.53.  Invocation command line was

  CONFIG_FILES    = 
  CONFIG_HEADERS  = 
  CONFIG_LINKS    = 
  CONFIG_COMMANDS = 
  $ ./config.status src/Makefile depfiles

on tijs.bentinck.nl

config.status:594: creating src/Makefile
config.status:719: executing depfiles commands

## ---------------------- ##
## Running config.status. ##
## ---------------------- ##

This file was extended by config.status, which was
generated by GNU Autoconf 2.53.  Invocation command line was

  CONFIG_FILES    = 
  CONFIG_HEADERS  = 
  CONFIG_LINKS    = 
  CONFIG_COMMANDS = 
  $ ./config.status src/Makefile depfiles

on tijs.bentinck.nl

config.status:594: creating src/Makefile
config.status:719: executing depfiles commands
